.2020-03-23 16:12:11.461 com.cp.springcamera.SpringcameraApplication INFO - Starting SpringcameraApplication on DESKTOP-IB96R2M with PID 2104 (E:\springcamera\target\classes started by liyang in E:\springcamera)
.2020-03-23 16:12:11.466 com.cp.springcamera.SpringcameraApplication INFO - No active profile set, falling back to default profiles: default
.2020-03-23 16:12:13.489 org.springframework.boot.web.embedded.tomcat.TomcatWebServer INFO - Tomcat initialized with port(s): 8082 (http)
.2020-03-23 16:12:13.506 org.apache.coyote.http11.Http11NioProtocol INFO - Initializing ProtocolHandler ["http-nio-8082"]
.2020-03-23 16:12:13.511 org.apache.catalina.core.StandardService INFO - Starting service [Tomcat]
.2020-03-23 16:12:13.512 org.apache.catalina.core.StandardEngine INFO - Starting Servlet engine: [Apache Tomcat/9.0.31]
.2020-03-23 16:12:14.168 org.apache.catalina.core.ContainerBase.[Tomcat].[localhost].[/] INFO - Initializing Spring embedded WebApplicationContext
.2020-03-23 16:12:14.169 org.springframework.web.context.ContextLoader INFO - Root WebApplicationContext: initialization completed in 2585 ms
.2020-03-23 16:12:14.313 com.alibaba.druid.spring.boot.autoconfigure.DruidDataSourceAutoConfigure INFO - Init DruidDataSource
.2020-03-23 16:12:14.525 com.alibaba.druid.pool.DruidDataSource INFO - {dataSource-1} inited
.2020-03-23 16:12:15.236 org.springframework.scheduling.concurrent.ThreadPoolTaskExecutor INFO - Initializing ExecutorService 'applicationTaskExecutor'
.2020-03-23 16:12:15.575 org.apache.coyote.http11.Http11NioProtocol INFO - Starting ProtocolHandler ["http-nio-8082"]
.2020-03-23 16:12:15.622 org.springframework.boot.web.embedded.tomcat.TomcatWebServer INFO - Tomcat started on port(s): 8082 (http) with context path ''
.2020-03-23 16:12:15.629 com.cp.springcamera.SpringcameraApplication INFO - Started SpringcameraApplication in 5.254 seconds (JVM running for 7.403)
.2020-03-23 16:12:27.317 org.apache.catalina.core.ContainerBase.[Tomcat].[localhost].[/] INFO - Initializing Spring DispatcherServlet 'dispatcherServlet'
.2020-03-23 16:12:27.317 org.springframework.web.servlet.DispatcherServlet INFO - Initializing Servlet 'dispatcherServlet'
.2020-03-23 16:12:27.330 org.springframework.web.servlet.DispatcherServlet INFO - Completed initialization in 13 ms
.2020-03-23 16:14:23.636 org.springframework.scheduling.concurrent.ThreadPoolTaskExecutor INFO - Shutting down ExecutorService 'applicationTaskExecutor'
.2020-03-23 16:14:23.645 com.alibaba.druid.pool.DruidDataSource INFO - {dataSource-1} closed
.2020-03-23 16:14:59.192 com.cp.springcamera.SpringcameraApplication INFO - Starting SpringcameraApplication on DESKTOP-IB96R2M with PID 5624 (E:\springcamera\target\classes started by liyang in E:\springcamera)
.2020-03-23 16:14:59.198 com.cp.springcamera.SpringcameraApplication INFO - No active profile set, falling back to default profiles: default
.2020-03-23 16:15:01.526 org.springframework.boot.web.embedded.tomcat.TomcatWebServer INFO - Tomcat initialized with port(s): 8082 (http)
.2020-03-23 16:15:01.537 org.apache.coyote.http11.Http11NioProtocol INFO - Initializing ProtocolHandler ["http-nio-8082"]
.2020-03-23 16:15:01.538 org.apache.catalina.core.StandardService INFO - Starting service [Tomcat]
.2020-03-23 16:15:01.539 org.apache.catalina.core.StandardEngine INFO - Starting Servlet engine: [Apache Tomcat/9.0.31]
.2020-03-23 16:15:01.692 org.apache.catalina.core.ContainerBase.[Tomcat].[localhost].[/] INFO - Initializing Spring embedded WebApplicationContext
.2020-03-23 16:15:01.693 org.springframework.web.context.ContextLoader INFO - Root WebApplicationContext: initialization completed in 2297 ms
.2020-03-23 16:15:01.844 com.alibaba.druid.spring.boot.autoconfigure.DruidDataSourceAutoConfigure INFO - Init DruidDataSource
.2020-03-23 16:15:02.101 com.alibaba.druid.pool.DruidDataSource INFO - {dataSource-1} inited
.2020-03-23 16:15:02.755 org.springframework.scheduling.concurrent.ThreadPoolTaskExecutor INFO - Initializing ExecutorService 'applicationTaskExecutor'
.2020-03-23 16:15:03.057 org.apache.coyote.http11.Http11NioProtocol INFO - Starting ProtocolHandler ["http-nio-8082"]
.2020-03-23 16:15:03.098 org.springframework.boot.web.embedded.tomcat.TomcatWebServer INFO - Tomcat started on port(s): 8082 (http) with context path ''
.2020-03-23 16:15:03.104 com.cp.springcamera.SpringcameraApplication INFO - Started SpringcameraApplication in 5.003 seconds (JVM running for 7.236)
.2020-03-23 16:15:18.820 org.apache.catalina.core.ContainerBase.[Tomcat].[localhost].[/] INFO - Initializing Spring DispatcherServlet 'dispatcherServlet'
.2020-03-23 16:15:18.821 org.springframework.web.servlet.DispatcherServlet INFO - Initializing Servlet 'dispatcherServlet'
.2020-03-23 16:15:18.839 org.springframework.web.servlet.DispatcherServlet INFO - Completed initialization in 18 ms
.2020-03-23 16:15:20.791 com.hikvision.artemis.sdk.ArtemisHttpUtil INFO - the Artemis Request is Success,statusCode:200 SuccessMsg:{"code":"0","msg":"success","data":{"url":"rtsp://112.84.178.103:554/openUrl/9r0gsWA"}}
.2020-03-23 16:15:55.776 org.springframework.scheduling.concurrent.ThreadPoolTaskExecutor INFO - Shutting down ExecutorService 'applicationTaskExecutor'
.2020-03-23 16:15:55.785 com.alibaba.druid.pool.DruidDataSource INFO - {dataSource-1} closed
.2020-03-23 17:27:35.599 com.cp.springcamera.SpringcameraApplication INFO - Starting SpringcameraApplication on DESKTOP-IB96R2M with PID 2752 (E:\springcamera\target\classes started by liyang in E:\springcamera)
.2020-03-23 17:27:35.628 com.cp.springcamera.SpringcameraApplication INFO - No active profile set, falling back to default profiles: default
.2020-03-23 17:27:40.211 org.springframework.boot.web.embedded.tomcat.TomcatWebServer INFO - Tomcat initialized with port(s): 8082 (http)
.2020-03-23 17:27:40.364 org.apache.coyote.http11.Http11NioProtocol INFO - Initializing ProtocolHandler ["http-nio-8082"]
.2020-03-23 17:27:40.367 org.apache.catalina.core.StandardService INFO - Starting service [Tomcat]
.2020-03-23 17:27:40.368 org.apache.catalina.core.StandardEngine INFO - Starting Servlet engine: [Apache Tomcat/9.0.31]
.2020-03-23 17:27:40.716 org.apache.catalina.core.ContainerBase.[Tomcat].[localhost].[/] INFO - Initializing Spring embedded WebApplicationContext
.2020-03-23 17:27:40.717 org.springframework.web.context.ContextLoader INFO - Root WebApplicationContext: initialization completed in 4779 ms
.2020-03-23 17:27:41.067 com.alibaba.druid.spring.boot.autoconfigure.DruidDataSourceAutoConfigure INFO - Init DruidDataSource
.2020-03-23 17:27:41.442 com.alibaba.druid.pool.DruidDataSource INFO - {dataSource-1} inited
.2020-03-23 17:27:42.821 org.springframework.scheduling.concurrent.ThreadPoolTaskExecutor INFO - Initializing ExecutorService 'applicationTaskExecutor'
.2020-03-23 17:27:43.235 org.apache.coyote.http11.Http11NioProtocol INFO - Starting ProtocolHandler ["http-nio-8082"]
.2020-03-23 17:27:43.297 org.springframework.boot.web.embedded.tomcat.TomcatWebServer INFO - Tomcat started on port(s): 8082 (http) with context path ''
.2020-03-23 17:27:43.309 com.cp.springcamera.SpringcameraApplication INFO - Started SpringcameraApplication in 12.348 seconds (JVM running for 20.666)
.2020-03-23 17:28:13.639 org.apache.catalina.core.ContainerBase.[Tomcat].[localhost].[/] INFO - Initializing Spring DispatcherServlet 'dispatcherServlet'
.2020-03-23 17:28:13.641 org.springframework.web.servlet.DispatcherServlet INFO - Initializing Servlet 'dispatcherServlet'
.2020-03-23 17:28:13.681 org.springframework.web.servlet.DispatcherServlet INFO - Completed initialization in 40 ms
.2020-03-23 17:28:16.902 com.hikvision.artemis.sdk.ArtemisHttpUtil ERROR - the Artemis PostString Request is failed[doPostStringArtemis]
org.apache.http.conn.ConnectTimeoutException: Connect to 112.84.178.103:444 timed out
	at org.apache.http.conn.ssl.SSLSocketFactory.connectSocket(SSLSocketFactory.java:551)
	at org.apache.http.impl.conn.DefaultClientConnectionOperator.openConnection(DefaultClientConnectionOperator.java:180)
	at org.apache.http.impl.conn.ManagedClientConnectionImpl.open(ManagedClientConnectionImpl.java:294)
	at org.apache.http.impl.client.DefaultRequestDirector.tryConnect(DefaultRequestDirector.java:640)
	at org.apache.http.impl.client.DefaultRequestDirector.execute(DefaultRequestDirector.java:479)
	at org.apache.http.impl.client.AbstractHttpClient.execute(AbstractHttpClient.java:906)
	at org.apache.http.impl.client.AbstractHttpClient.execute(AbstractHttpClient.java:805)
	at org.apache.http.impl.client.AbstractHttpClient.execute(AbstractHttpClient.java:784)
	at com.hikvision.artemis.sdk.util.HttpUtil.httpPost(HttpUtil.java:283)
	at com.hikvision.artemis.sdk.Client.execute(Client.java:68)
	at com.hikvision.artemis.sdk.ArtemisHttpUtil.doPostStringArtemis(ArtemisHttpUtil.java:495)
	at com.cp.springcamera.utils.CameraUtil.getPreviewURLsList(CameraUtil.java:112)
	at com.cp.springcamera.controller.CameraController.playVideo(CameraController.java:46)
	at sun.reflect.NativeMethodAccessorImpl.invoke0(Native Method)
	at sun.reflect.NativeMethodAccessorImpl.invoke(NativeMethodAccessorImpl.java:62)
	at sun.reflect.DelegatingMethodAccessorImpl.invoke(DelegatingMethodAccessorImpl.java:43)
	at java.lang.reflect.Method.invoke(Method.java:498)
	at org.springframework.web.method.support.InvocableHandlerMethod.doInvoke(InvocableHandlerMethod.java:190)
	at org.springframework.web.method.support.InvocableHandlerMethod.invokeForRequest(InvocableHandlerMethod.java:138)
	at org.springframework.web.servlet.mvc.method.annotation.ServletInvocableHandlerMethod.invokeAndHandle(ServletInvocableHandlerMethod.java:106)
	at org.springframework.web.servlet.mvc.method.annotation.RequestMappingHandlerAdapter.invokeHandlerMethod(RequestMappingHandlerAdapter.java:879)
	at org.springframework.web.servlet.mvc.method.annotation.RequestMappingHandlerAdapter.handleInternal(RequestMappingHandlerAdapter.java:793)
	at org.springframework.web.servlet.mvc.method.AbstractHandlerMethodAdapter.handle(AbstractHandlerMethodAdapter.java:87)
	at org.springframework.web.servlet.DispatcherServlet.doDispatch(DispatcherServlet.java:1040)
	at org.springframework.web.servlet.DispatcherServlet.doService(DispatcherServlet.java:943)
	at org.springframework.web.servlet.FrameworkServlet.processRequest(FrameworkServlet.java:1006)
	at org.springframework.web.servlet.FrameworkServlet.doGet(FrameworkServlet.java:898)
	at javax.servlet.http.HttpServlet.service(HttpServlet.java:634)
	at org.springframework.web.servlet.FrameworkServlet.service(FrameworkServlet.java:883)
	at javax.servlet.http.HttpServlet.service(HttpServlet.java:741)
	at org.apache.catalina.core.ApplicationFilterChain.internalDoFilter(ApplicationFilterChain.java:231)
	at org.apache.catalina.core.ApplicationFilterChain.doFilter(ApplicationFilterChain.java:166)
	at org.apache.tomcat.websocket.server.WsFilter.doFilter(WsFilter.java:53)
	at org.apache.catalina.core.ApplicationFilterChain.internalDoFilter(ApplicationFilterChain.java:193)
	at org.apache.catalina.core.ApplicationFilterChain.doFilter(ApplicationFilterChain.java:166)
	at com.alibaba.druid.support.http.WebStatFilter.doFilter(WebStatFilter.java:123)
	at org.apache.catalina.core.ApplicationFilterChain.internalDoFilter(ApplicationFilterChain.java:193)
	at org.apache.catalina.core.ApplicationFilterChain.doFilter(ApplicationFilterChain.java:166)
	at org.springframework.web.filter.RequestContextFilter.doFilterInternal(RequestContextFilter.java:100)
	at org.springframework.web.filter.OncePerRequestFilter.doFilter(OncePerRequestFilter.java:119)
	at org.apache.catalina.core.ApplicationFilterChain.internalDoFilter(ApplicationFilterChain.java:193)
	at org.apache.catalina.core.ApplicationFilterChain.doFilter(ApplicationFilterChain.java:166)
	at org.springframework.web.filter.FormContentFilter.doFilterInternal(FormContentFilter.java:93)
	at org.springframework.web.filter.OncePerRequestFilter.doFilter(OncePerRequestFilter.java:119)
	at org.apache.catalina.core.ApplicationFilterChain.internalDoFilter(ApplicationFilterChain.java:193)
	at org.apache.catalina.core.ApplicationFilterChain.doFilter(ApplicationFilterChain.java:166)
	at org.springframework.web.filter.CharacterEncodingFilter.doFilterInternal(CharacterEncodingFilter.java:201)
	at org.springframework.web.filter.OncePerRequestFilter.doFilter(OncePerRequestFilter.java:119)
	at org.apache.catalina.core.ApplicationFilterChain.internalDoFilter(ApplicationFilterChain.java:193)
	at org.apache.catalina.core.ApplicationFilterChain.doFilter(ApplicationFilterChain.java:166)
	at org.apache.catalina.core.StandardWrapperValve.invoke(StandardWrapperValve.java:202)
	at org.apache.catalina.core.StandardContextValve.invoke(StandardContextValve.java:96)
	at org.apache.catalina.authenticator.AuthenticatorBase.invoke(AuthenticatorBase.java:541)
	at org.apache.catalina.core.StandardHostValve.invoke(StandardHostValve.java:139)
	at org.apache.catalina.valves.ErrorReportValve.invoke(ErrorReportValve.java:92)
	at org.apache.catalina.core.StandardEngineValve.invoke(StandardEngineValve.java:74)
	at org.apache.catalina.connector.CoyoteAdapter.service(CoyoteAdapter.java:343)
	at org.apache.coyote.http11.Http11Processor.service(Http11Processor.java:367)
	at org.apache.coyote.AbstractProcessorLight.process(AbstractProcessorLight.java:65)
	at org.apache.coyote.AbstractProtocol$ConnectionHandler.process(AbstractProtocol.java:868)
	at org.apache.tomcat.util.net.NioEndpoint$SocketProcessor.doRun(NioEndpoint.java:1639)
	at org.apache.tomcat.util.net.SocketProcessorBase.run(SocketProcessorBase.java:49)
	at java.util.concurrent.ThreadPoolExecutor.runWorker(ThreadPoolExecutor.java:1149)
	at java.util.concurrent.ThreadPoolExecutor$Worker.run(ThreadPoolExecutor.java:624)
	at org.apache.tomcat.util.threads.TaskThread$WrappingRunnable.run(TaskThread.java:61)
	at java.lang.Thread.run(Thread.java:748)
.2020-03-23 17:28:17.022 org.apache.catalina.core.ContainerBase.[Tomcat].[localhost].[/].[dispatcherServlet] ERROR - Servlet.service() for servlet [dispatcherServlet] in context with path [] threw exception [Request processing failed; nested exception is java.lang.NullPointerException] with root cause
java.lang.NullPointerException: null
	at com.cp.springcamera.utils.CameraUtil.getPreviewURLsList(CameraUtil.java:115)
	at com.cp.springcamera.controller.CameraController.playVideo(CameraController.java:46)
	at sun.reflect.NativeMethodAccessorImpl.invoke0(Native Method)
	at sun.reflect.NativeMethodAccessorImpl.invoke(NativeMethodAccessorImpl.java:62)
	at sun.reflect.DelegatingMethodAccessorImpl.invoke(DelegatingMethodAccessorImpl.java:43)
	at java.lang.reflect.Method.invoke(Method.java:498)
	at org.springframework.web.method.support.InvocableHandlerMethod.doInvoke(InvocableHandlerMethod.java:190)
	at org.springframework.web.method.support.InvocableHandlerMethod.invokeForRequest(InvocableHandlerMethod.java:138)
	at org.springframework.web.servlet.mvc.method.annotation.ServletInvocableHandlerMethod.invokeAndHandle(ServletInvocableHandlerMethod.java:106)
	at org.springframework.web.servlet.mvc.method.annotation.RequestMappingHandlerAdapter.invokeHandlerMethod(RequestMappingHandlerAdapter.java:879)
	at org.springframework.web.servlet.mvc.method.annotation.RequestMappingHandlerAdapter.handleInternal(RequestMappingHandlerAdapter.java:793)
	at org.springframework.web.servlet.mvc.method.AbstractHandlerMethodAdapter.handle(AbstractHandlerMethodAdapter.java:87)
	at org.springframework.web.servlet.DispatcherServlet.doDispatch(DispatcherServlet.java:1040)
	at org.springframework.web.servlet.DispatcherServlet.doService(DispatcherServlet.java:943)
	at org.springframework.web.servlet.FrameworkServlet.processRequest(FrameworkServlet.java:1006)
	at org.springframework.web.servlet.FrameworkServlet.doGet(FrameworkServlet.java:898)
	at javax.servlet.http.HttpServlet.service(HttpServlet.java:634)
	at org.springframework.web.servlet.FrameworkServlet.service(FrameworkServlet.java:883)
	at javax.servlet.http.HttpServlet.service(HttpServlet.java:741)
	at org.apache.catalina.core.ApplicationFilterChain.internalDoFilter(ApplicationFilterChain.java:231)
	at org.apache.catalina.core.ApplicationFilterChain.doFilter(ApplicationFilterChain.java:166)
	at org.apache.tomcat.websocket.server.WsFilter.doFilter(WsFilter.java:53)
	at org.apache.catalina.core.ApplicationFilterChain.internalDoFilter(ApplicationFilterChain.java:193)
	at org.apache.catalina.core.ApplicationFilterChain.doFilter(ApplicationFilterChain.java:166)
	at com.alibaba.druid.support.http.WebStatFilter.doFilter(WebStatFilter.java:123)
	at org.apache.catalina.core.ApplicationFilterChain.internalDoFilter(ApplicationFilterChain.java:193)
	at org.apache.catalina.core.ApplicationFilterChain.doFilter(ApplicationFilterChain.java:166)
	at org.springframework.web.filter.RequestContextFilter.doFilterInternal(RequestContextFilter.java:100)
	at org.springframework.web.filter.OncePerRequestFilter.doFilter(OncePerRequestFilter.java:119)
	at org.apache.catalina.core.ApplicationFilterChain.internalDoFilter(ApplicationFilterChain.java:193)
	at org.apache.catalina.core.ApplicationFilterChain.doFilter(ApplicationFilterChain.java:166)
	at org.springframework.web.filter.FormContentFilter.doFilterInternal(FormContentFilter.java:93)
	at org.springframework.web.filter.OncePerRequestFilter.doFilter(OncePerRequestFilter.java:119)
	at org.apache.catalina.core.ApplicationFilterChain.internalDoFilter(ApplicationFilterChain.java:193)
	at org.apache.catalina.core.ApplicationFilterChain.doFilter(ApplicationFilterChain.java:166)
	at org.springframework.web.filter.CharacterEncodingFilter.doFilterInternal(CharacterEncodingFilter.java:201)
	at org.springframework.web.filter.OncePerRequestFilter.doFilter(OncePerRequestFilter.java:119)
	at org.apache.catalina.core.ApplicationFilterChain.internalDoFilter(ApplicationFilterChain.java:193)
	at org.apache.catalina.core.ApplicationFilterChain.doFilter(ApplicationFilterChain.java:166)
	at org.apache.catalina.core.StandardWrapperValve.invoke(StandardWrapperValve.java:202)
	at org.apache.catalina.core.StandardContextValve.invoke(StandardContextValve.java:96)
	at org.apache.catalina.authenticator.AuthenticatorBase.invoke(AuthenticatorBase.java:541)
	at org.apache.catalina.core.StandardHostValve.invoke(StandardHostValve.java:139)
	at org.apache.catalina.valves.ErrorReportValve.invoke(ErrorReportValve.java:92)
	at org.apache.catalina.core.StandardEngineValve.invoke(StandardEngineValve.java:74)
	at org.apache.catalina.connector.CoyoteAdapter.service(CoyoteAdapter.java:343)
	at org.apache.coyote.http11.Http11Processor.service(Http11Processor.java:367)
	at org.apache.coyote.AbstractProcessorLight.process(AbstractProcessorLight.java:65)
	at org.apache.coyote.AbstractProtocol$ConnectionHandler.process(AbstractProtocol.java:868)
	at org.apache.tomcat.util.net.NioEndpoint$SocketProcessor.doRun(NioEndpoint.java:1639)
	at org.apache.tomcat.util.net.SocketProcessorBase.run(SocketProcessorBase.java:49)
	at java.util.concurrent.ThreadPoolExecutor.runWorker(ThreadPoolExecutor.java:1149)
	at java.util.concurrent.ThreadPoolExecutor$Worker.run(ThreadPoolExecutor.java:624)
	at org.apache.tomcat.util.threads.TaskThread$WrappingRunnable.run(TaskThread.java:61)
	at java.lang.Thread.run(Thread.java:748)
.2020-03-23 17:29:04.134 com.hikvision.artemis.sdk.ArtemisHttpUtil INFO - the Artemis Request is Success,statusCode:200 SuccessMsg:{"code":"0","msg":"success","data":{"url":"rtsp://112.84.178.103:554/openUrl/q4fjYdi"}}
.2020-03-23 17:29:18.635 org.springframework.scheduling.concurrent.ThreadPoolTaskExecutor INFO - Shutting down ExecutorService 'applicationTaskExecutor'
.2020-03-23 17:29:18.640 com.alibaba.druid.pool.DruidDataSource INFO - {dataSource-1} closed
